<?xml version="1.0" encoding="UTF-8"?>
<!-- Generated by org.testng.reporters.JUnitReportReporter -->
<testsuite skipped="0" hostname="dragon" name="test.EmployeeTest" tests="1" failures="0" timestamp="2021-03-17T10:52:13 MSK" time="0.017" errors="0">
  <testcase name="loadEmployee" time="0.017" classname="test.EmployeeTest"/>
  <system-out/>
</testsuite> <!-- test.EmployeeTest -->
