<?xml version="1.0" encoding="UTF-8"?>
<!-- Generated by org.testng.reporters.JUnitReportReporter -->
<testsuite skipped="0" hostname="dragon" name="test.StaffMemberTest" tests="5" failures="0" timestamp="2021-03-17T12:05:48 MSK" time="0.674" errors="0">
  <testcase name="getStaffMembersByPosition" time="0.063" classname="test.StaffMemberTest"/>
  <system-out/>
  <testcase name="updateStaffMember" time="0.014" classname="test.StaffMemberTest"/>
  <system-out/>
  <testcase name="deleteStaffMember" time="0.388" classname="test.StaffMemberTest"/>
  <system-out/>
  <testcase name="addStaffMember" time="0.022" classname="test.StaffMemberTest"/>
  <system-out/>
  <testcase name="getStaffMembersByDepartment" time="0.187" classname="test.StaffMemberTest"/>
  <system-out/>
</testsuite> <!-- test.StaffMemberTest -->
