<?xml version="1.0" encoding="UTF-8"?>
<!-- Generated by org.testng.reporters.JUnitReportReporter -->
<testsuite skipped="0" hostname="dragon" name="test.DepartmentTest" tests="1" failures="0" timestamp="2021-03-17T12:05:48 MSK" time="3.657" errors="0">
  <testcase name="loadDepartmentTest" time="3.657" classname="test.DepartmentTest"/>
  <system-out/>
</testsuite> <!-- test.DepartmentTest -->
