<?xml version="1.0" encoding="UTF-8"?>
<!-- Generated by org.testng.reporters.JUnitReportReporter -->
<testsuite skipped="0" hostname="dragon" name="test.FirstTest" tests="2" failures="0" timestamp="2021-03-14T16:44:37 MSK" time="0.010" errors="0">
  <testcase name="testDepartmentCreationTest" time="0.010" classname="test.FirstTest"/>
  <system-out/>
  <testcase name="testJustSimpleTest" time="0.000" classname="test.FirstTest"/>
  <system-out/>
</testsuite> <!-- test.FirstTest -->
